info it worked if it ends with ok
verbose cli [ 'node', '/usr/bin/npm', 'install' ]
info using npm@1.1.4
info using node@v0.6.12
verbose config file /root/.npmrc
verbose config file /usr/etc/npmrc
verbose config file /usr/share/npm/npmrc
verbose caching /opt/usbonline/package.json
verbose loadDefaults winusbonline@0.0.0
verbose readDependencies: using package.json deps
verbose where, deps [ '/opt/usbonline',
verbose where, deps   [ 'body-parser',
verbose where, deps     'cookie-parser',
verbose where, deps     'underscore',
verbose where, deps     'socket.io',
verbose where, deps     'debug',
verbose where, deps     'express',
verbose where, deps     'jade',
verbose where, deps     'morgan',
verbose where, deps     'serve-favicon',
verbose where, deps     'pg',
verbose where, deps     'winston',
verbose where, deps     'nconf',
verbose where, deps     'mongoose',
verbose where, deps     'redis',
verbose where, deps     'method-override',
verbose where, deps     'crypto' ] ]
verbose from cache /opt/usbonline/package.json
info preinstall winusbonline@0.0.0
verbose caching /opt/usbonline/node_modules/express/package.json
verbose loadDefaults express@4.12.3
verbose caching /opt/usbonline/node_modules/nconf/package.json
verbose caching /opt/usbonline/node_modules/cookie-parser/package.json
verbose loadDefaults cookie-parser@1.3.4
verbose caching /opt/usbonline/node_modules/morgan/package.json
verbose loadDefaults morgan@1.5.2
verbose caching /opt/usbonline/node_modules/method-override/package.json
verbose loadDefaults method-override@2.3.2
verbose caching /opt/usbonline/node_modules/jade/package.json
verbose loadDefaults jade@1.9.2
verbose caching /opt/usbonline/node_modules/serve-favicon/package.json
verbose loadDefaults serve-favicon@2.2.0
verbose caching /opt/usbonline/node_modules/socket.io/package.json
verbose loadDefaults socket.io@1.3.5
verbose caching /opt/usbonline/node_modules/debug/package.json
verbose loadDefaults debug@2.1.3
verbose caching /opt/usbonline/node_modules/underscore/package.json
verbose loadDefaults underscore@1.6.0
verbose caching /opt/usbonline/node_modules/express-method-override/package.json
verbose caching /opt/usbonline/node_modules/pg/package.json
verbose loadDefaults pg@4.3.0
verbose caching /opt/usbonline/node_modules/body-parser/package.json
verbose loadDefaults body-parser@1.12.2
verbose caching /opt/usbonline/node_modules/npm/package.json
verbose loadDefaults npm@2.7.3
verbose from cache /opt/usbonline/package.json
verbose readDependencies: using package.json deps
verbose from cache /opt/usbonline/node_modules/express/package.json
verbose from cache /opt/usbonline/node_modules/nconf/package.json
verbose from cache /opt/usbonline/node_modules/npm/package.json
verbose from cache /opt/usbonline/node_modules/cookie-parser/package.json
verbose from cache /opt/usbonline/node_modules/morgan/package.json
verbose from cache /opt/usbonline/node_modules/method-override/package.json
verbose from cache /opt/usbonline/node_modules/jade/package.json
verbose from cache /opt/usbonline/node_modules/serve-favicon/package.json
verbose from cache /opt/usbonline/node_modules/socket.io/package.json
verbose from cache /opt/usbonline/node_modules/debug/package.json
verbose from cache /opt/usbonline/node_modules/underscore/package.json
verbose from cache /opt/usbonline/node_modules/express-method-override/package.json
verbose from cache /opt/usbonline/node_modules/pg/package.json
verbose from cache /opt/usbonline/node_modules/body-parser/package.json
verbose already installed in /opt/usbonline skipping body-parser@~1.12.0
verbose already installed in /opt/usbonline skipping cookie-parser@~1.3.4
verbose already installed in /opt/usbonline skipping underscore@1.6.0
verbose already installed in /opt/usbonline skipping socket.io@1.3.5
verbose already installed in /opt/usbonline skipping debug@~2.1.1
verbose already installed in /opt/usbonline skipping jade@~1.9.2
verbose already installed in /opt/usbonline skipping morgan@~1.5.1
verbose already installed in /opt/usbonline skipping express@~4.12.2
verbose already installed in /opt/usbonline skipping serve-favicon@~2.2.0
verbose already installed in /opt/usbonline skipping pg@~4.3.0
verbose cache add [ 'winston@~1.0.0', null ]
silly cache add: name, spec, args [ undefined, 'winston@~1.0.0', [ 'winston@~1.0.0', null ] ]
verbose parsed url { pathname: 'winston@~1.0.0',
verbose parsed url   path: 'winston@~1.0.0',
verbose parsed url   href: 'winston@~1.0.0' }
silly cache add: name, spec, args [ 'winston', '~1.0.0', [ 'winston', '~1.0.0' ] ]
verbose parsed url { pathname: '~1.0.0', path: '~1.0.0', href: '~1.0.0' }
verbose addNamed [ 'winston', '~1.0.0' ]
verbose addNamed [ null, '>=1.0.0- <1.1.0-' ]
silly name, range, hasData [ 'winston', '>=1.0.0- <1.1.0-', false ]
verbose raw, before any munging winston
verbose url resolving [ 'http://registry.npmjs.org/', './winston' ]
verbose url resolved http://registry.npmjs.org/winston
http GET http://registry.npmjs.org/winston
verbose already installed in /opt/usbonline skipping nconf@~0.7.1
verbose cache add [ 'mongoose@~4.0.1', null ]
silly cache add: name, spec, args [ undefined, 'mongoose@~4.0.1', [ 'mongoose@~4.0.1', null ] ]
verbose parsed url { pathname: 'mongoose@~4.0.1',
verbose parsed url   path: 'mongoose@~4.0.1',
verbose parsed url   href: 'mongoose@~4.0.1' }
silly cache add: name, spec, args [ 'mongoose', '~4.0.1', [ 'mongoose', '~4.0.1' ] ]
verbose parsed url { pathname: '~4.0.1', path: '~4.0.1', href: '~4.0.1' }
verbose addNamed [ 'mongoose', '~4.0.1' ]
verbose addNamed [ null, '>=4.0.1- <4.1.0-' ]
silly name, range, hasData [ 'mongoose', '>=4.0.1- <4.1.0-', false ]
verbose cache add [ 'redis@~0.12.1', null ]
silly cache add: name, spec, args [ undefined, 'redis@~0.12.1', [ 'redis@~0.12.1', null ] ]
verbose parsed url { pathname: 'redis@~0.12.1',
verbose parsed url   path: 'redis@~0.12.1',
verbose parsed url   href: 'redis@~0.12.1' }
silly cache add: name, spec, args [ 'redis', '~0.12.1', [ 'redis', '~0.12.1' ] ]
verbose parsed url { pathname: '~0.12.1', path: '~0.12.1', href: '~0.12.1' }
verbose addNamed [ 'redis', '~0.12.1' ]
verbose addNamed [ null, '>=0.12.1- <0.13.0-' ]
silly name, range, hasData [ 'redis', '>=0.12.1- <0.13.0-', false ]
verbose already installed in /opt/usbonline skipping method-override@~2.3.2
verbose cache add [ 'crypto@~0.0.3', null ]
silly cache add: name, spec, args [ undefined, 'crypto@~0.0.3', [ 'crypto@~0.0.3', null ] ]
verbose parsed url { pathname: 'crypto@~0.0.3',
verbose parsed url   path: 'crypto@~0.0.3',
verbose parsed url   href: 'crypto@~0.0.3' }
silly cache add: name, spec, args [ 'crypto', '~0.0.3', [ 'crypto', '~0.0.3' ] ]
verbose parsed url { pathname: '~0.0.3', path: '~0.0.3', href: '~0.0.3' }
verbose addNamed [ 'crypto', '~0.0.3' ]
verbose addNamed [ null, '>=0.0.3- <0.1.0-' ]
silly name, range, hasData [ 'crypto', '>=0.0.3- <0.1.0-', false ]
verbose raw, before any munging mongoose
verbose url resolving [ 'http://registry.npmjs.org/', './mongoose' ]
verbose url resolved http://registry.npmjs.org/mongoose
http GET http://registry.npmjs.org/mongoose
verbose raw, before any munging redis
verbose url resolving [ 'http://registry.npmjs.org/', './redis' ]
verbose url resolved http://registry.npmjs.org/redis
http GET http://registry.npmjs.org/redis
verbose raw, before any munging crypto
verbose url resolving [ 'http://registry.npmjs.org/', './crypto' ]
verbose url resolved http://registry.npmjs.org/crypto
verbose etag "BADCO3S6H2CJF1IT7ZJR77JU"
http GET http://registry.npmjs.org/crypto
http 200 http://registry.npmjs.org/winston
silly get cb [ 200,
silly get cb   { server: 'CouchDB/1.5.0 (Erlang OTP/R16B03)',
silly get cb     etag: '"6WE0XCGDJOSJRXD0DC92RL5KC"',
silly get cb     'content-type': 'application/json',
silly get cb     'cache-control': 'max-age=60',
silly get cb     'content-length': '77748',
silly get cb     'accept-ranges': 'bytes',
silly get cb     date: 'Fri, 24 Apr 2015 20:16:46 GMT',
silly get cb     via: '1.1 varnish',
silly get cb     age: '39',
silly get cb     connection: 'keep-alive',
silly get cb     'x-served-by': 'cache-fra1241-FRA',
silly get cb     'x-cache': 'HIT',
silly get cb     'x-cache-hits': '1',
silly get cb     'x-timer': 'S1429906606.191697,VS0,VE0',
silly get cb     vary: 'Accept' } ]
verbose mkdir (expected) error ENOENT, no such file or directory '/root/.npm/winston'
verbose mkdir done: /root/.npm/winston 755
silly name, range, hasData 2 [ 'winston', '>=1.0.0- <1.1.0-', true ]
silly versions [ 'winston',
silly versions   [ '0.2.11',
silly versions     '0.3.3',
silly versions     '0.3.4',
silly versions     '0.3.5',
silly versions     '0.4.0',
silly versions     '0.4.1',
silly versions     '0.5.0',
silly versions     '0.5.1',
silly versions     '0.5.2',
silly versions     '0.5.3',
silly versions     '0.5.4',
silly versions     '0.5.5',
silly versions     '0.5.6',
silly versions     '0.5.7',
silly versions     '0.5.8',
silly versions     '0.5.9',
silly versions     '0.5.10',
silly versions     '0.5.11',
silly versions     '0.6.1',
silly versions     '0.6.2',
silly versions     '0.7.0',
silly versions     '0.7.1',
silly versions     '0.7.2',
silly versions     '0.7.3',
silly versions     '0.8.0',
silly versions     '0.8.1',
silly versions     '0.8.2',
silly versions     '0.8.3' ] ]
ERR! Error: No compatible version found: winston@'>=1.0.0- <1.1.0-'
ERR! Valid install targets:
ERR! ["0.2.11","0.3.3","0.3.4","0.3.5","0.4.0","0.4.1","0.5.0","0.5.1","0.5.2","0.5.3","0.5.4","0.5.5","0.5.6","0.5.7","0.5.8","0.5.9","0.5.10","0.5.11","0.6.1","0.6.2","0.7.0","0.7.1","0.7.2","0.7.3","0.8.0","0.8.1","0.8.2","0.8.3"]
ERR!     at installTargetsError (/usr/share/npm/lib/cache.js:488:10)
ERR!     at next_ (/usr/share/npm/lib/cache.js:438:17)
ERR!     at next (/usr/share/npm/lib/cache.js:415:44)
ERR!     at /usr/share/npm/lib/cache.js:408:5
ERR!     at saved (/usr/share/npm/lib/utils/npm-registry-client/get.js:147:7)
ERR!     at Object.oncomplete (/usr/lib/nodejs/graceful-fs.js:230:7)
ERR! You may report this log at:
ERR!     <http://bugs.debian.org/npm>
ERR! or use
ERR!     reportbug --attach /opt/usbonline/npm-debug.log npm
ERR! 
ERR! System Linux 2.6.32-042stab106.4
ERR! command "node" "/usr/bin/npm" "install"
ERR! cwd /opt/usbonline
ERR! node -v v0.6.12
ERR! npm -v 1.1.4
ERR! message No compatible version found: winston@'>=1.0.0- <1.1.0-'
ERR! message Valid install targets:
ERR! message ["0.2.11","0.3.3","0.3.4","0.3.5","0.4.0","0.4.1","0.5.0","0.5.1","0.5.2","0.5.3","0.5.4","0.5.5","0.5.6","0.5.7","0.5.8","0.5.9","0.5.10","0.5.11","0.6.1","0.6.2","0.7.0","0.7.1","0.7.2","0.7.3","0.8.0","0.8.1","0.8.2","0.8.3"]
verbose exit [ 1, true ]
